<?xml version="1.0" encoding="UTF-8"?>
<testsuite xmlns:xsi="http://www.w3.org/2001/XMLSchema-instance" xsi:noNamespaceSchemaLocation="https://maven.apache.org/surefire/maven-surefire-plugin/xsd/surefire-test-report.xsd" version="3.0.2" name="in.rcard.assertj.arrowcore.NonEmptyListAssert_shouldContainNoNulls_Test" time="0.006" tests="3" errors="0" skipped="0" failures="0">
  <properties>
[...]
</properties>
  <testcase name="should fail if list is null$assertj_arrow_core" classname="in.rcard.assertj.arrowcore.NonEmptyListAssert_shouldContainNoNulls_Test" time="0.001"/>
  <testcase name="should pass if empty list contain no nulls$assertj_arrow_core" classname="in.rcard.assertj.arrowcore.NonEmptyListAssert_shouldContainNoNulls_Test" time="0.001"/>
  <testcase name="should fail if non empty list contains a null$assertj_arrow_core" classname="in.rcard.assertj.arrowcore.NonEmptyListAssert_shouldContainNoNulls_Test" time="0.003"/>
</testsuite>